-----------------------------------------------------------------------------

Input image     : /Users/pswierc/field_course/data/r_band_test.fits[285:321,282:319] 
Init. par. file : /Users/pswierc/galfit_outputs/r_band_test/r_band_test_psf_config.txt 
Restart file    : galfit.01 
Output image    : /Users/pswierc/galfit_outputs/r_band_test/r_band_test_psf.fits 

 sky       : [303.00, 300.50]     1.84  [0.00e+00]  [0.00e+00]
                                  1.86  [0.00e+00]  [0.00e+00]
 moffat    : (  303.26,   298.23)   21.16      5.48    1.69    0.89   -21.95
             (    0.06,     0.06)    0.12      0.43    0.17    0.03     9.41
 Chi^2 = 1223.84550,  ndof = 1398
 Chi^2/nu = 0.875 

-----------------------------------------------------------------------------
-----------------------------------------------------------------------------

Input image     : /Users/pswierc/field_course/data/r_band_test.fits[292:316,287:312] 
Init. par. file : /Users/pswierc/galfit_outputs/r_band_test/r_band_test_psf_config.txt 
Restart file    : galfit.01 
Output image    : /Users/pswierc/galfit_outputs/r_band_test/r_band_test_psf.fits 

 sky       : [304.00, 299.50]     1.43  [0.00e+00]  [0.00e+00]
                                  4.55  [0.00e+00]  [0.00e+00]
 moffat    : (  303.26,   298.23)   20.95      5.26    1.44    0.89   -18.47
             (    0.06,     0.06)    0.30      0.55    0.20    0.03     8.94
 Chi^2 = 445.50062,  ndof = 642
 Chi^2/nu = 0.694 

-----------------------------------------------------------------------------
-----------------------------------------------------------------------------

Input image     : /Users/pswierc/field_course/data/0952_r_band.fits[222:280,226:282] 
Init. par. file : /Users/pswierc/galfit_outputs/0952_r_band/0952_r_band_config.txt 
Restart file    : galfit.01 
Output image    : /Users/pswierc/galfit_outputs/0952_r_band/0952_r_band_model_temp.fits 

 sky       : [251.00, 254.00]     4.19  [0.00e+00]  [0.00e+00]
                                  1.04  [0.00e+00]  [0.00e+00]
 sersic    : (  251.52,   237.40)   21.37      2.65    1.11    0.49    49.93
             (    0.10,     0.09)    0.02      0.14    0.46    0.09     6.44
 sersic    : (  232.24,   258.29)   21.46      7.44   *0.03*   0.26    22.61
             (    0.12,     0.18)    0.04     15.59   *0.31*   0.05     1.93
 sersic    : (  257.50,   256.52)   20.35      3.63    1.45    0.89   -18.44
             (    0.05,     0.05)    0.02      0.12    0.16    0.03    14.89
 sersic    : (  265.64,   266.94)   21.59      5.59   *0.03*  *0.09*   -0.71
             (    0.23,     0.46)    9.24    311.20   *5.83*  *1.46*   26.33
 Chi^2 = 2285.59659,  ndof = 3334
 Chi^2/nu = 0.686 

-----------------------------------------------------------------------------
-----------------------------------------------------------------------------

Input image     : /Users/pswierc/field_course/data/0952_r_band.fits[222:280,226:282] 
Init. par. file : /Users/pswierc/galfit_outputs/0952_r_band/0952_r_band_config.txt 
Restart file    : galfit.01 
Output image    : /Users/pswierc/galfit_outputs/0952_r_band/0952_r_band_model_temp.fits 

 sky       : [251.00, 254.00]     4.19  [0.00e+00]  [0.00e+00]
                                  1.04  [0.00e+00]  [0.00e+00]
 sersic    : (  251.52,   237.40)   21.37      2.65    1.11    0.49    49.93
             (    0.10,     0.09)    0.02      0.14    0.46    0.09     6.44
 sersic    : (  232.24,   258.29)   21.46      7.44   *0.03*   0.26    22.61
             (    0.12,     0.18)    0.04     15.59   *0.31*   0.05     1.93
 sersic    : (  257.50,   256.52)   20.35      3.63    1.45    0.89   -18.44
             (    0.05,     0.05)    0.02      0.12    0.16    0.03    14.89
 sersic    : (  265.64,   266.94)   21.59      5.59   *0.03*  *0.09*   -0.71
             (    0.23,     0.46)    9.24    311.20   *5.83*  *1.46*   26.33
 Chi^2 = 2285.59659,  ndof = 3334
 Chi^2/nu = 0.686 

-----------------------------------------------------------------------------
-----------------------------------------------------------------------------

Input image     : /Users/pswierc/field_course/data/0952_r_band.fits[222:280,226:282] 
Init. par. file : /Users/pswierc/galfit_outputs/0952_r_band/0952_r_band_config.txt 
Restart file    : galfit.01 
Output image    : /Users/pswierc/galfit_outputs/0952_r_band/0952_r_band_model_temp.fits 

 sky       : [251.00, 254.00]     4.19  [0.00e+00]  [0.00e+00]
                                  1.04  [0.00e+00]  [0.00e+00]
 sersic    : (  251.52,   237.40)   21.37      2.65    1.11    0.49    49.93
             (    0.10,     0.09)    0.02      0.15    0.42    0.09     6.44
 sersic    : (  232.24,   258.29)   21.46      7.44   *0.03*   0.26    22.61
             (    0.11,     0.18)    0.04     15.47   *0.30*   0.06     1.93
 sersic    : (  257.50,   256.52)   20.35      3.63    1.45    0.89   -18.44
             (    0.05,     0.05)    0.02      0.12    0.16    0.03    14.84
 sersic    : (  265.64,   266.94)   21.59      5.59   *0.03*  *0.09*   -0.71
             (    0.23,     0.46)    9.79    330.44   *6.18*  *1.56*   26.82
 Chi^2 = 2285.58657,  ndof = 3334
 Chi^2/nu = 0.686 

-----------------------------------------------------------------------------
-----------------------------------------------------------------------------

Input image     : /Users/pswierc/field_course/data/0952_r_band.fits[222:280,226:282] 
Init. par. file : /Users/pswierc/galfit_outputs/0952_r_band/0952_r_band_config.txt 
Restart file    : galfit.01 
Output image    : /Users/pswierc/galfit_outputs/0952_r_band/0952_r_band_model_temp.fits 

 sky       : [251.00, 254.00]     4.19  [0.00e+00]  [0.00e+00]
                                  1.04  [0.00e+00]  [0.00e+00]
 sersic    : (  251.52,   237.40)   21.37      2.65    1.11    0.49    49.93
             (    0.10,     0.09)    0.02      0.15    0.42    0.09     6.44
 sersic    : (  232.24,   258.29)   21.46      7.44   *0.03*   0.26    22.61
             (    0.11,     0.18)    0.04     15.47   *0.30*   0.06     1.93
 sersic    : (  257.50,   256.52)   20.35      3.63    1.45    0.89   -18.44
             (    0.05,     0.05)    0.02      0.12    0.16    0.03    14.84
 sersic    : (  265.64,   266.94)   21.59      5.59   *0.03*  *0.09*   -0.71
             (    0.23,     0.46)    9.79    330.44   *6.18*  *1.56*   26.82
 Chi^2 = 2285.58657,  ndof = 3334
 Chi^2/nu = 0.686 

-----------------------------------------------------------------------------
-----------------------------------------------------------------------------

Input image     : /Users/pswierc/field_course/data/0952_r_band.fits[222:280,226:282] 
Init. par. file : /Users/pswierc/galfit_outputs/0952_r_band/0952_r_band_config.txt 
Restart file    : galfit.01 
Output image    : /Users/pswierc/galfit_outputs/0952_r_band/0952_r_band_model_temp.fits 

 sky       : [251.00, 254.00]     4.19  [0.00e+00]  [0.00e+00]
                                  1.04  [0.00e+00]  [0.00e+00]
 sersic    : (  251.52,   237.40)   21.37      2.65    1.11    0.49    49.93
             (    0.10,     0.09)    0.02      0.15    0.42    0.09     6.44
 sersic    : (  232.24,   258.29)   21.46      7.44   *0.03*   0.26    22.61
             (    0.11,     0.18)    0.04     15.47   *0.30*   0.06     1.93
 sersic    : (  257.50,   256.52)   20.35      3.63    1.45    0.89   -18.44
             (    0.05,     0.05)    0.02      0.12    0.16    0.03    14.84
 sersic    : (  265.64,   266.94)   21.59      5.59   *0.03*  *0.09*   -0.71
             (    0.23,     0.46)    9.79    330.44   *6.18*  *1.56*   26.82
 Chi^2 = 2285.58657,  ndof = 3334
 Chi^2/nu = 0.686 

-----------------------------------------------------------------------------
-----------------------------------------------------------------------------

Input image     : /Users/pswierc/field_course/data/0952_r_band.fits[310:335,244:272] 
Init. par. file : /Users/pswierc/galfit_outputs/0952_r_band/0952_r_band_psf_config.txt 
Restart file    : galfit.01 
Output image    : /Users/pswierc/galfit_outputs/0952_r_band/0952_r_band_psf.fits 

 sky       : [322.50, 258.00]    21.32  [0.00e+00]  [0.00e+00]
                                  2.08  [0.00e+00]  [0.00e+00]
 moffat    : (  322.46,   257.25)   20.95      5.18    3.38    0.97    -8.39
             (    0.03,     0.03)    0.03      0.37    0.34    0.01    21.02
 Chi^2 = 512.07245,  ndof = 746
 Chi^2/nu = 0.686 

-----------------------------------------------------------------------------
-----------------------------------------------------------------------------

Input image     : /Users/pswierc/field_course/data/0952_r_band.fits[218:275,228:287] 
Init. par. file : /Users/pswierc/galfit_outputs/0952_r_band/0952_r_band_config.txt 
Restart file    : galfit.01 
Output image    : /Users/pswierc/galfit_outputs/0952_r_band/0952_r_band_model_temp.fits 

 sky       : [246.50, 257.50]     8.02  [0.00e+00]  [0.00e+00]
                                  0.06  [0.00e+00]  [0.00e+00]
 sersic    : (  256.64,   257.26)   20.36      4.11    2.31    0.69   -52.37
             (    0.03,     0.02)    0.01      0.12    0.10    0.02     1.22
 sersic    : (  250.65,   238.22)   21.22      2.64  *11.82*   0.30    54.15
             (    0.01,     0.01)    0.02      0.16   *0.24*   0.01     0.15
 sersic    : (  230.67,   258.04)   22.01     *0.01*   0.86    0.24    27.22
             (    0.00,     0.00)    0.00     *0.00*   0.00    0.00     0.00
 sersic    : (  264.84,   267.86)   21.87      5.13   *0.04*   0.11    -7.02
             (    0.10,     0.28)    0.26     29.21   *0.57*   0.10     3.89
 Chi^2 = 2703.30185,  ndof = 3451
 Chi^2/nu = 0.783 

-----------------------------------------------------------------------------
-----------------------------------------------------------------------------

Input image     : /Users/pswierc/field_course/data/0952_r_band.fits[218:275,228:287] 
Init. par. file : /Users/pswierc/galfit_outputs/0952_r_band/0952_r_band_config.txt 
Restart file    : galfit.01 
Output image    : /Users/pswierc/galfit_outputs/0952_r_band/0952_r_band_model_temp.fits 

 sky       : [246.50, 257.50]     1.48  [0.00e+00]  [0.00e+00]
                                  1.21  [0.00e+00]  [0.00e+00]
 sersic    : (  256.60,   257.27)   20.28      4.50    2.65    0.73   -46.26
             (    0.05,     0.05)    0.06      0.39    0.37    0.04     5.36
 sersic    : (  250.69,   238.18)   21.09      3.48    7.88    0.48    77.13
             (    0.12,     0.13)    0.29      1.96    6.39    0.11     8.19
 sersic    : (  231.27,   259.16)   21.51      6.39   *0.04*   0.29    23.41
             (    0.11,     0.21)    0.03     22.26   *0.34*   0.05     2.52
 sersic    : (  264.82,   267.62)   21.76      5.01    0.08    0.14    -7.42
             (    0.13,     0.17)    0.04      0.23    0.31    0.11     4.87
 Chi^2 = 2391.37508,  ndof = 3451
 Chi^2/nu = 0.693 

-----------------------------------------------------------------------------
-----------------------------------------------------------------------------

Input image     : /Users/pswierc/field_course/data/0952_r_band.fits[218:275,228:287] 
Init. par. file : /Users/pswierc/galfit_outputs/0952_r_band/0952_r_band_config.txt 
Restart file    : galfit.01 
Output image    : /Users/pswierc/galfit_outputs/0952_r_band/0952_r_band_model_temp.fits 

 sky       : [246.50, 257.50]     1.48  [0.00e+00]  [0.00e+00]
                                  1.21  [0.00e+00]  [0.00e+00]
 sersic    : (  256.60,   257.27)   20.28      4.50    2.65    0.73   -46.26
             (    0.05,     0.05)    0.06      0.39    0.37    0.04     5.36
 sersic    : (  250.69,   238.18)   21.09      3.48    7.88    0.48    77.13
             (    0.12,     0.13)    0.29      1.96    6.39    0.11     8.19
 sersic    : (  231.27,   259.16)   21.51      6.39   *0.04*   0.29    23.41
             (    0.11,     0.21)    0.03     22.26   *0.34*   0.05     2.52
 sersic    : (  264.82,   267.62)   21.76      5.01    0.08    0.14    -7.42
             (    0.13,     0.17)    0.04      0.23    0.31    0.11     4.87
 Chi^2 = 2391.37508,  ndof = 3451
 Chi^2/nu = 0.693 

-----------------------------------------------------------------------------
-----------------------------------------------------------------------------

Input image     : /Users/pswierc/field_course/data/0952_r_band.fits[218:275,228:287] 
Init. par. file : /Users/pswierc/galfit_outputs/0952_r_band/0952_r_band_config.txt 
Restart file    : galfit.01 
Output image    : /Users/pswierc/galfit_outputs/0952_r_band/0952_r_band_model_temp.fits 

 sky       : [246.50, 257.50]     6.67  [0.00e+00]  [0.00e+00]
                                  1.11  [0.00e+00]  [0.00e+00]
 sersic    : (  256.64,   257.28)   20.94      4.01    1.33    0.59   -43.52
             (    0.10,     0.12)    0.03      0.19    0.27    0.06     7.22
 sersic    : (  250.69,   238.24)   22.41      2.46    0.24    0.16    76.36
             (    0.24,     0.24)    0.07      1.28    1.96    0.71    18.76
 sersic    : (  231.29,   259.15)   22.24      5.42    0.79    0.17    24.66
             (    0.28,     0.54)    0.07      0.85    0.72    0.19     6.48
 sersic    : (  264.64,   267.21)   22.93      3.47    0.68   *0.05*  -10.61
             (    0.43,     1.04)    1.79      2.24    3.27   *2.53*   57.37
 Chi^2 = 4236.77539,  ndof = 3451
 Chi^2/nu = 1.228 

-----------------------------------------------------------------------------
-----------------------------------------------------------------------------

Input image     : /Users/pswierc/field_course/data/0952_r_band.fits[218:275,228:287] 
Init. par. file : /Users/pswierc/galfit_outputs/0952_r_band/0952_r_band_config.txt 
Restart file    : galfit.01 
Output image    : /Users/pswierc/galfit_outputs/0952_r_band/0952_r_band_model_temp.fits 

 sky       : [246.50, 257.50]     6.67  [0.00e+00]  [0.00e+00]
                                  1.11  [0.00e+00]  [0.00e+00]
 sersic    : (  256.64,   257.28)   20.94      4.01    1.33    0.59   -43.52
             (    0.10,     0.12)    0.03      0.19    0.27    0.06     7.22
 sersic    : (  250.69,   238.24)   22.41      2.46    0.24    0.16    76.36
             (    0.24,     0.24)    0.07      1.28    1.96    0.72    18.76
 sersic    : (  231.29,   259.15)   22.24      5.42    0.79    0.17    24.66
             (    0.28,     0.54)    0.07      0.85    0.72    0.19     6.48
 sersic    : (  264.64,   267.21)   22.93      3.47    0.68   *0.05*  -10.61
             (    0.43,     1.03)    1.79      2.24    3.27   *2.53*   57.37
 Chi^2 = 4236.75966,  ndof = 3451
 Chi^2/nu = 1.228 

-----------------------------------------------------------------------------
-----------------------------------------------------------------------------

Input image     : /Users/pswierc/field_course/data/0952_r_band.fits[222:274,228:283] 
Init. par. file : /Users/pswierc/galfit_outputs/0952_r_band/0952_r_band_config.txt 
Restart file    : galfit.01 
Output image    : /Users/pswierc/galfit_outputs/0952_r_band/0952_r_band_model_temp.fits 

 sky       : [248.00, 255.50]  1.36e-01  [0.00e+00]  [0.00e+00]
                                1.31e+00  [0.00e+00]  [0.00e+00]
 sersic    : (  257.49,   256.52)   20.27      3.96    1.84    0.88   -10.76
             (    0.05,     0.05)    0.03      0.16    0.18    0.03    14.24
 sersic    : (  232.20,   258.34)   21.40      6.40   *0.05*   0.30    22.88
             (    0.13,     0.20)    0.03     19.84   *0.33*   0.06     2.40
 sersic    : (  251.52,   237.36)   21.24      2.94    2.40    0.46    53.01
             (    0.11,     0.10)    0.05      0.22    0.82    0.09     6.04
 sersic    : (  265.44,   266.85)   21.82      4.99   *0.05*  *0.05*   -1.79
             (    0.50,     0.28)    2.21     98.29   *2.51*  *1.12*  120.41
 Chi^2 = 1826.63447,  ndof = 2939
 Chi^2/nu = 0.622 

-----------------------------------------------------------------------------
